<?xml version="1.0" encoding="UTF-8"?>
<testng-results ignored="0" total="1" passed="1" failed="0" skipped="0">
  <reporter-output>
  </reporter-output>
  <suite started-at="2022-07-12T16:53:56 IST" name="Default suite" finished-at="2022-07-12T16:54:09 IST" duration-ms="13602">
    <groups>
    </groups>
    <test started-at="2022-07-12T16:53:56 IST" name="Default test" finished-at="2022-07-12T16:54:09 IST" duration-ms="13602">
      <class name="com.vtiger.practice.HidenDivsionPopupTest">
        <test-method signature="calenderTest()[pri:0, instance:com.vtiger.practice.HidenDivsionPopupTest@121c54fa]" started-at="2022-07-12T16:53:56 IST" name="calenderTest" finished-at="2022-07-12T16:54:09 IST" duration-ms="13229" status="PASS">
          <reporter-output>
          </reporter-output>
        </test-method> <!-- calenderTest -->
      </class> <!-- com.vtiger.practice.HidenDivsionPopupTest -->
    </test> <!-- Default test -->
  </suite> <!-- Default suite -->
</testng-results>
